yarn run v1.22.22
$ gulp serve watch
(node:6464) [DEP0040] DeprecationWarning: The `punycode` module is deprecated. Please use a userland alternative instead.
(Use `node --trace-deprecation ...` to show where the warning was created)
[15:57:56] Using gulpfile /app/gulpfile.js
[15:57:56] Starting 'serve'...
[15:57:56] Starting 'watch'...
[15:57:56] Starting 'debug'...
[15:57:56] Starting '<anonymous>'...
[15:57:56] Finished '<anonymous>' after 814 μs
[15:57:56] Starting 'default'...
[15:57:56] Starting 'clean'...
[15:57:56] Finished 'clean' after 33 ms
[15:57:56] Starting 'scripts_config'...
(node:6464) [DEP0180] DeprecationWarning: fs.Stats constructor is deprecated.
[15:57:56] Finished 'scripts_config' after 90 ms
[15:57:56] Starting 'layers_config'...
[15:57:56] Finished 'layers_config' after 31 ms
[15:57:56] Starting 'layers'...
[15:57:56] Finished 'layers' after 215 ms
[15:57:56] Starting 'bump:html'...
[15:57:56] Finished 'bump:html' after 6.42 ms
[15:57:56] Starting 'scripts'...
[15:57:56] Finished 'scripts' after 182 ms
[15:57:56] Starting 'styles'...
[15:57:56] Starting 'reload'...
[15:57:56] Finished 'reload' after 290 μs
Browserslist: caniuse-lite is outdated. Please run:
  npx update-browserslist-db@latest
  Why you should do it regularly: https://github.com/browserslist/update-db#readme
[15:57:57] Finished 'styles' after 302 ms
[15:57:57] Starting 'images'...
[15:57:57] Finished 'images' after 2.18 ms
[15:57:57] Starting 'fonts'...
[15:57:57] Finished 'fonts' after 1.67 ms
[15:57:57] Starting 'locales'...
[15:57:57] Finished 'locales' after 27 ms
[15:57:57] Starting 'boundaries'...
[15:57:57] Finished 'boundaries' after 7.98 ms
[15:57:57] Starting 'changelog'...
[15:57:57] Finished 'changelog' after 27 ms
[15:57:57] Finished 'default' after 929 ms
[15:57:57] Finished 'debug' after 955 ms
[15:57:57] Starting '<anonymous>'...
[15:57:57] Finished '<anonymous>' after 15 ms
[15:57:57] Finished 'serve' after 972 ms
[Browsersync] Access URLs:
 ------------------------------------
       Local: http://localhost:3000
    External: http://192.168.0.2:3000
 ------------------------------------
          UI: http://localhost:3001
 UI External: http://localhost:3001
 ------------------------------------
[Browsersync] Serving files from: ./
[16:02:58] Starting 'reload'...
[16:02:58] Finished 'reload' after 4.78 ms
[Browsersync] Reloading Browsers...
[16:03:24] Starting 'scripts'...
[16:03:24] Finished 'scripts' after 519 ms
[16:03:24] Starting 'reload'...
[16:03:24] Finished 'reload' after 554 μs
[Browsersync] Reloading Browsers...
[16:03:32] Starting 'scripts'...
[16:03:32] Finished 'scripts' after 295 ms
[16:03:32] Starting 'reload'...
[16:03:32] Finished 'reload' after 309 μs
[Browsersync] Reloading Browsers...
[16:09:59] Starting 'styles'...
[16:09:59] Starting 'scripts'...
[16:10:00] Finished 'styles' after 696 ms
[16:10:00] Starting 'reload'...
[16:10:00] Finished 'reload' after 427 μs
[16:10:00] Finished 'scripts' after 1.04 s
[16:10:00] Starting 'reload'...
[16:10:00] Finished 'reload' after 333 μs
[Browsersync] Reloading Browsers...
